<?xml version="1.0" encoding="UTF-8"?>
<!-- Generated by org.testng.reporters.JUnitReportReporter -->
<testsuite hostname="agayatri1-sa" failures="0" tests="18" name="com.xamplify.automation.ManageContacts" time="1046.241" errors="1" timestamp="2025-04-23T14:25:23 IST" skipped="0">
  <testcase classname="com.xamplify.automation.ManageContacts" name="managecontacts_edit_oneatatime" time="38.849"/>
  <testcase classname="com.xamplify.automation.ManageContacts" name="managecontactsTabs" time="11.377"/>
  <testcase classname="com.xamplify.automation.ManageContacts" name="managecontacts_edit_con" time="22.549"/>
  <testcase classname="com.xamplify.automation.ManageContacts" name="managecontactsViewSortby" time="56.954"/>
  <testcase classname="com.xamplify.automation.ManageContacts" name="managecontactsDeleteShareCampagins" time="11.197">
    <error message="element click intercepted: Element &lt;li _ngcontent-c58=&quot;&quot; class=&quot;filter&quot; translate=&quot;&quot;&gt;...&lt;/li&gt; is not clickable at point (370, 399). Other element would receive the click: &lt;div _ngcontent-c8=&quot;&quot; class=&quot;backdrop&quot; style=&quot;border-radius: 14px; background-color: rgba(0, 0, 0, 0.3);&quot;&gt;&lt;/div&gt;
  (Session info: chrome=135.0.7049.96)
Build info: version: &#039;3.11.0&#039;, revision: &#039;e59cfb3&#039;, time: &#039;2018-03-11T20:26:55.152Z&#039;
System info: host: &#039;AGAYATRI1-SA&#039;, ip: &#039;172.16.17.77&#039;, os.name: &#039;Windows 11&#039;, os.arch: &#039;amd64&#039;, os.version: &#039;10.0&#039;, java.version: &#039;23.0.1&#039;
Driver info: org.openqa.selenium.chrome.ChromeDriver
Capabilities {acceptInsecureCerts: false, browserName: chrome, browserVersion: 135.0.7049.96, chrome: {chromedriverVersion: 135.0.7049.97 (b41307079c9b..., userDataDir: C:\Users\agayatri\AppData\L...}, fedcm:accounts: true, goog:chromeOptions: {debuggerAddress: localhost:60082}, javascriptEnabled: true, networkConnectionEnabled: false, pageLoadStrategy: normal, platform: WINDOWS, platformName: WINDOWS, proxy: Proxy(), setWindowRect: true, strictFileInteractability: false, timeouts: {implicit: 0, pageLoad: 300000, script: 30000}, unhandledPromptBehavior: dismiss and notify, webauthn:extension:credBlob: true, webauthn:extension:largeBlob: true, webauthn:extension:minPinLength: true, webauthn:extension:prf: true, webauthn:virtualAuthenticators: true}
Session ID: 588638ef54bc97411222228e37ab9921" type="org.openqa.selenium.ElementClickInterceptedException">
      <![CDATA[org.openqa.selenium.ElementClickInterceptedException: element click intercepted: Element <li _ngcontent-c58="" class="filter" translate="">...</li> is not clickable at point (370, 399). Other element would receive the click: <div _ngcontent-c8="" class="backdrop" style="border-radius: 14px; background-color: rgba(0, 0, 0, 0.3);"></div>
  (Session info: chrome=135.0.7049.96)
Build info: version: '3.11.0', revision: 'e59cfb3', time: '2018-03-11T20:26:55.152Z'
System info: host: 'AGAYATRI1-SA', ip: '172.16.17.77', os.name: 'Windows 11', os.arch: 'amd64', os.version: '10.0', java.version: '23.0.1'
Driver info: org.openqa.selenium.chrome.ChromeDriver
Capabilities {acceptInsecureCerts: false, browserName: chrome, browserVersion: 135.0.7049.96, chrome: {chromedriverVersion: 135.0.7049.97 (b41307079c9b..., userDataDir: C:\Users\agayatri\AppData\L...}, fedcm:accounts: true, goog:chromeOptions: {debuggerAddress: localhost:60082}, javascriptEnabled: true, networkConnectionEnabled: false, pageLoadStrategy: normal, platform: WINDOWS, platformName: WINDOWS, proxy: Proxy(), setWindowRect: true, strictFileInteractability: false, timeouts: {implicit: 0, pageLoad: 300000, script: 30000}, unhandledPromptBehavior: dismiss and notify, webauthn:extension:credBlob: true, webauthn:extension:largeBlob: true, webauthn:extension:minPinLength: true, webauthn:extension:prf: true, webauthn:virtualAuthenticators: true}
Session ID: 588638ef54bc97411222228e37ab9921
at java.base/jdk.internal.reflect.DirectConstructorHandleAccessor.newInstance(DirectConstructorHandleAccessor.java:62)
at java.base/java.lang.reflect.Constructor.newInstanceWithCaller(Constructor.java:501)
at java.base/java.lang.reflect.Constructor.newInstance(Constructor.java:485)
at org.openqa.selenium.remote.http.W3CHttpResponseCodec.createException(W3CHttpResponseCodec.java:187)
at org.openqa.selenium.remote.http.W3CHttpResponseCodec.decode(W3CHttpResponseCodec.java:122)
at org.openqa.selenium.remote.http.W3CHttpResponseCodec.decode(W3CHttpResponseCodec.java:49)
at org.openqa.selenium.remote.HttpCommandExecutor.execute(HttpCommandExecutor.java:158)
at org.openqa.selenium.remote.service.DriverCommandExecutor.execute(DriverCommandExecutor.java:83)
at org.openqa.selenium.remote.RemoteWebDriver.execute(RemoteWebDriver.java:545)
at org.openqa.selenium.remote.RemoteWebElement.execute(RemoteWebElement.java:279)
at org.openqa.selenium.remote.RemoteWebElement.click(RemoteWebElement.java:83)
at com.xamplifycon.util.XamplifyUtil_contacts.callClickEvent(XamplifyUtil_contacts.java:49)
at com.xamplify.automation.ManageContacts.managecontactsTabs(ManageContacts.java:160)
at com.xamplify.automation.ManageContacts.managecontactsDeleteShareCampagins(ManageContacts.java:246)
at java.base/jdk.internal.reflect.DirectMethodHandleAccessor.invoke(DirectMethodHandleAccessor.java:103)
at java.base/java.lang.reflect.Method.invoke(Method.java:580)
at org.testng.internal.invokers.MethodInvocationHelper.invokeMethod(MethodInvocationHelper.java:139)
at org.testng.internal.invokers.TestInvoker.invokeMethod(TestInvoker.java:664)
at org.testng.internal.invokers.TestInvoker.invokeTestMethod(TestInvoker.java:228)
at org.testng.internal.invokers.MethodRunner.runInSequence(MethodRunner.java:63)
at org.testng.internal.invokers.TestInvoker$MethodInvocationAgent.invoke(TestInvoker.java:961)
at org.testng.internal.invokers.TestInvoker.invokeTestMethods(TestInvoker.java:201)
at org.testng.internal.invokers.TestMethodWorker.invokeTestMethods(TestMethodWorker.java:148)
at org.testng.internal.invokers.TestMethodWorker.run(TestMethodWorker.java:128)
at java.base/java.util.ArrayList.forEach(ArrayList.java:1597)
at org.testng.TestRunner.privateRun(TestRunner.java:819)
at org.testng.TestRunner.run(TestRunner.java:619)
at org.testng.SuiteRunner.runTest(SuiteRunner.java:443)
at org.testng.SuiteRunner.runSequentially(SuiteRunner.java:437)
at org.testng.SuiteRunner.privateRun(SuiteRunner.java:397)
at org.testng.SuiteRunner.run(SuiteRunner.java:336)
at org.testng.SuiteRunnerWorker.runSuite(SuiteRunnerWorker.java:52)
at org.testng.SuiteRunnerWorker.run(SuiteRunnerWorker.java:95)
at org.testng.TestNG.runSuitesSequentially(TestNG.java:1301)
at org.testng.TestNG.runSuitesLocally(TestNG.java:1228)
at org.testng.TestNG.runSuites(TestNG.java:1134)
at org.testng.TestNG.run(TestNG.java:1101)
at org.testng.remote.AbstractRemoteTestNG.run(AbstractRemoteTestNG.java:115)
at org.testng.remote.RemoteTestNG.initAndRun(RemoteTestNG.java:293)
at org.testng.remote.RemoteTestNG.main(RemoteTestNG.java:91)
]]>
    </error>
  </testcase> <!-- managecontactsDeleteShareCampagins -->
  <testcase classname="com.xamplify.automation.ManageContacts" name="managecontactsEditFilter" time="45.703"/>
  <testcase classname="com.xamplify.automation.ManageContacts" name="managecontactsEditShare" time="16.850"/>
  <testcase classname="com.xamplify.automation.ManageContacts" name="managecontactsEditTiles" time="74.432"/>
  <testcase classname="com.xamplify.automation.ManageContacts" name="manage_contacts_journey_edit" time="34.007"/>
  <testcase classname="com.xamplify.automation.ManageContacts" name="manage_contactsjourney_note" time="33.724"/>
  <testcase classname="com.xamplify.automation.ManageContacts" name="managecontactsjourneyEmail" time="92.638"/>
  <testcase classname="com.xamplify.automation.ManageContacts" name="managecontactsJourneyActivityFilterSearch" time="48.342"/>
  <testcase classname="com.xamplify.automation.ManageContacts" name="manage_contacts_journey_notes_update" time="78.842"/>
  <testcase classname="com.xamplify.automation.ManageContacts" name="manage_contactsjourney_Emailtab_Sort" time="62.457"/>
  <testcase classname="com.xamplify.automation.ManageContacts" name="manage_contactsjourney_TasktabSort" time="82.665"/>
  <testcase classname="com.xamplify.automation.ManageContacts" name="managecontactsAllTiles" time="106.319"/>
  <testcase classname="com.xamplify.automation.ManageContacts" name="managecontactsAllTilesJourney" time="80.968"/>
  <testcase classname="com.xamplify.automation.ManageContacts" name="managecontactsTilesJourney" time="148.368"/>
</testsuite> <!-- com.xamplify.automation.ManageContacts -->
