<?xml version="1.0" encoding="UTF-8"?>
<!-- Generated by org.testng.reporters.JUnitXMLReporter -->
<testsuite ignored="1" hostname="agayatri1-sa" failures="5" tests="62" name="Test" time="4428.69" errors="0" timestamp="2025-04-23T14:25:15 IST">
  <testcase classname="com.xamplify.automation.PartnerLogin" name="OpeningtheBrowser" time="20.318"/>
  <testcase classname="com.xamplify.automation.PartnerLogin" name="SigninProcess" time="4.384"/>
  <testcase classname="com.xamplify.automation.Contacts" name="contacts_hover" time="5.316"/>
  <testcase classname="com.xamplify.automation.Contacts" name="con_oneatatime" time="52.082"/>
  <testcase classname="com.xamplify.automation.Contacts" name="con_uploadcsv" time="29.849"/>
  <testcase classname="com.xamplify.automation.ManageContacts" name="managecontacts_edit_oneatatime" time="38.849"/>
  <testcase classname="com.xamplify.automation.ManageContacts" name="managecontactsTabs" time="11.377"/>
  <testcase classname="com.xamplify.automation.ManageContacts" name="managecontacts_edit_con" time="22.549"/>
  <testcase classname="com.xamplify.automation.ManageContacts" name="managecontactsViewSortby" time="56.954"/>
  <testcase classname="com.xamplify.automation.ManageContacts" name="managecontactsDeleteShareCampagins" time="11.197">
    <failure type="org.openqa.selenium.ElementClickInterceptedException" message="element click intercepted: Element &amp;lt;li _ngcontent-c58=&amp;quot;&amp;quot; class=&amp;quot;filter&amp;quot; translate=&amp;quot;&amp;quot;&amp;gt;...&amp;lt;/li&amp;gt; is not clickable at point (370, 399). Other element would receive the click: &amp;lt;div _ngcontent-c8=&amp;quot;&amp;quot; class=&amp;quot;backdrop&amp;quot; style=&amp;quot;border-radius: 14px; background-color: rgba(0, 0, 0, 0.3);&amp;quot;&amp;gt;&amp;lt;/div&amp;gt;
  (Session info: chrome=135.0.7049.96)
Build info: version: &amp;apos;3.11.0&amp;apos;, revision: &amp;apos;e59cfb3&amp;apos;, time: &amp;apos;2018-03-11T20:26:55.152Z&amp;apos;
System info: host: &amp;apos;AGAYATRI1-SA&amp;apos;, ip: &amp;apos;172.16.17.77&amp;apos;, os.name: &amp;apos;Windows 11&amp;apos;, os.arch: &amp;apos;amd64&amp;apos;, os.version: &amp;apos;10.0&amp;apos;, java.version: &amp;apos;23.0.1&amp;apos;
Driver info: org.openqa.selenium.chrome.ChromeDriver
Capabilities {acceptInsecureCerts: false, browserName: chrome, browserVersion: 135.0.7049.96, chrome: {chromedriverVersion: 135.0.7049.97 (b41307079c9b..., userDataDir: C:\Users\agayatri\AppData\L...}, fedcm:accounts: true, goog:chromeOptions: {debuggerAddress: localhost:60082}, javascriptEnabled: true, networkConnectionEnabled: false, pageLoadStrategy: normal, platform: WINDOWS, platformName: WINDOWS, proxy: Proxy(), setWindowRect: true, strictFileInteractability: false, timeouts: {implicit: 0, pageLoad: 300000, script: 30000}, unhandledPromptBehavior: dismiss and notify, webauthn:extension:credBlob: true, webauthn:extension:largeBlob: true, webauthn:extension:minPinLength: true, webauthn:extension:prf: true, webauthn:virtualAuthenticators: true}
Session ID: 588638ef54bc97411222228e37ab9921">
      <![CDATA[org.openqa.selenium.ElementClickInterceptedException: element click intercepted: Element <li _ngcontent-c58="" class="filter" translate="">...</li> is not clickable at point (370, 399). Other element would receive the click: <div _ngcontent-c8="" class="backdrop" style="border-radius: 14px; background-color: rgba(0, 0, 0, 0.3);"></div>
  (Session info: chrome=135.0.7049.96)
Build info: version: '3.11.0', revision: 'e59cfb3', time: '2018-03-11T20:26:55.152Z'
System info: host: 'AGAYATRI1-SA', ip: '172.16.17.77', os.name: 'Windows 11', os.arch: 'amd64', os.version: '10.0', java.version: '23.0.1'
Driver info: org.openqa.selenium.chrome.ChromeDriver
Capabilities {acceptInsecureCerts: false, browserName: chrome, browserVersion: 135.0.7049.96, chrome: {chromedriverVersion: 135.0.7049.97 (b41307079c9b..., userDataDir: C:\Users\agayatri\AppData\L...}, fedcm:accounts: true, goog:chromeOptions: {debuggerAddress: localhost:60082}, javascriptEnabled: true, networkConnectionEnabled: false, pageLoadStrategy: normal, platform: WINDOWS, platformName: WINDOWS, proxy: Proxy(), setWindowRect: true, strictFileInteractability: false, timeouts: {implicit: 0, pageLoad: 300000, script: 30000}, unhandledPromptBehavior: dismiss and notify, webauthn:extension:credBlob: true, webauthn:extension:largeBlob: true, webauthn:extension:minPinLength: true, webauthn:extension:prf: true, webauthn:virtualAuthenticators: true}
Session ID: 588638ef54bc97411222228e37ab9921
at org.openqa.selenium.remote.http.W3CHttpResponseCodec.createException(W3CHttpResponseCodec.java:187)
at org.openqa.selenium.remote.http.W3CHttpResponseCodec.decode(W3CHttpResponseCodec.java:122)
at org.openqa.selenium.remote.http.W3CHttpResponseCodec.decode(W3CHttpResponseCodec.java:49)
at org.openqa.selenium.remote.HttpCommandExecutor.execute(HttpCommandExecutor.java:158)
at org.openqa.selenium.remote.service.DriverCommandExecutor.execute(DriverCommandExecutor.java:83)
at org.openqa.selenium.remote.RemoteWebDriver.execute(RemoteWebDriver.java:545)
at org.openqa.selenium.remote.RemoteWebElement.execute(RemoteWebElement.java:279)
at org.openqa.selenium.remote.RemoteWebElement.click(RemoteWebElement.java:83)
at com.xamplifycon.util.XamplifyUtil_contacts.callClickEvent(XamplifyUtil_contacts.java:49)
at com.xamplify.automation.ManageContacts.managecontactsTabs(ManageContacts.java:160)
at com.xamplify.automation.ManageContacts.managecontactsDeleteShareCampagins(ManageContacts.java:246)
at java.base/java.util.ArrayList.forEach(ArrayList.java:1597)
... Removed 28 stack frames]]>
    </failure>
  </testcase> <!-- managecontactsDeleteShareCampagins -->
  <testcase classname="com.xamplify.automation.ManageContacts" name="managecontactsEditFilter" time="45.703"/>
  <testcase classname="com.xamplify.automation.ManageContacts" name="managecontactsEditShare" time="16.85"/>
  <testcase classname="com.xamplify.automation.ManageContacts" name="managecontactsEditTiles" time="74.432"/>
  <testcase classname="com.xamplify.automation.ManageContacts" name="manage_contacts_journey_edit" time="34.007"/>
  <testcase classname="com.xamplify.automation.ManageContacts" name="manage_contactsjourney_note" time="33.724"/>
  <testcase classname="com.xamplify.automation.ManageContacts" name="managecontactsjourneyEmail" time="92.638"/>
  <testcase classname="com.xamplify.automation.ManageContacts" name="managecontactsJourneyActivityFilterSearch" time="48.342"/>
  <testcase classname="com.xamplify.automation.ManageContacts" name="manage_contacts_journey_notes_update" time="78.842"/>
  <testcase classname="com.xamplify.automation.ManageContacts" name="manage_contactsjourney_Emailtab_Sort" time="62.457"/>
  <testcase classname="com.xamplify.automation.ManageContacts" name="manage_contactsjourney_TasktabSort" time="82.665"/>
  <testcase classname="com.xamplify.automation.ManageContacts" name="managecontactsAllTiles" time="106.319"/>
  <testcase classname="com.xamplify.automation.ManageContacts" name="managecontactsAllTilesJourney" time="80.968"/>
  <testcase classname="com.xamplify.automation.ManageContacts" name="managecontactsTilesJourney" time="148.368"/>
  <testcase classname="com.xamplify.automation.sharedLeads" name="SharedleadsListviewActionsAllTile" time="72.998"/>
  <testcase classname="com.xamplify.automation.sharedLeads" name="SharedleadslistUnsubscribeTile" time="20.098"/>
  <testcase classname="com.xamplify.automation.sharedLeads" name="SharedleadsEditlistValidTile" time="0.05"/>
  <testcase classname="com.xamplify.automation.sharedLeads" name="SharedleadsEditlistExcludeTile" time="0.051"/>
  <testcase classname="com.xamplify.automation.sharedLeads" name="SharedleadsEditlistUndeliverableTile" time="0.046"/>
  <testcase classname="com.xamplify.automation.sharedLeads" name="manageSharedLeadsAllTileActions" time="94.592"/>
  <testcase classname="com.xamplify.automation.sharedLeads" name="manageSharedLeadsValidTileActions" time="14.386"/>
  <testcase classname="com.xamplify.automation.sharedLeads" name="manageSharedLeadsExcludeTileActions" time="2.082"/>
  <testcase classname="com.xamplify.automation.sharedLeads" name="manageSharedLeadsUndeliverableTileActions" time="0.047"/>
  <testcase classname="com.xamplify.automation.sharedLeads" name="manageSharedLeadsUnsubscribeTileActions" time="0.065"/>
  <testcase classname="com.xamplify.automation.sharedLeads" name="manageSharedLeadsSort" time="23.456"/>
  <testcase classname="com.xamplify.automation.sharedLeads" name="manageSharedleadsGrid" time="35.786"/>
  <testcase classname="com.xamplify.automation.sharedLeads" name="manageSharedleadsSearch" time="10.468"/>
  <testcase classname="com.xamplify.automation.TeamPartner" name="hoverTeam" time="5.273"/>
  <testcase classname="com.xamplify.automation.TeamPartner" name="addTeammember" time="23.277"/>
  <testcase classname="com.xamplify.automation.TeamPartner" name="inviteTeammember" time="30.318"/>
  <testcase classname="com.xamplify.automation.TeamPartner" name="generateCSV" time="2.014"/>
  <testcase classname="com.xamplify.automation.TeamPartner" name="testFileUpload" time="8.488"/>
  <testcase classname="com.xamplify.automation.TeamPartner" name="search_filter_export_TM" time="35.967"/>
  <testcase classname="com.xamplify.automation.TeamPartner" name="actions_teammember" time="27.388"/>
  <testcase classname="com.xamplify.automation.ScheduleRedistributionVideoCampaign" name="redistribute_vschedule" time="167.48"/>
  <testcase classname="com.xamplify.automation.SaveRedistributionVideoCampaign" name="redistribute_vsave" time="145.569"/>
  <testcase classname="com.xamplify.automation.LaunchRedistributionVideoCampaign" name="redistribute_vlaunch" time="122.775"/>
  <testcase classname="com.xamplify.automation.PartnerManageVideoCampaign" name="manage_redvideocamp" time="334.2"/>
  <testcase classname="com.xamplify.automation.ScheduleRedistributionEmailCampaign" name="redistribute_eschedule" time="127.174"/>
  <testcase classname="com.xamplify.automation.SaveRedistributionEmailCampaign" name="redistribute_esave" time="132.481"/>
  <testcase classname="com.xamplify.automation.LaunchRedistributionEmailCampaign" name="redistribute_elaunch" time="118.784"/>
  <testcase classname="com.xamplify.automation.PartnerManageEmailCampaign" name="manage_redemailcamp" time="340.385"/>
  <testcase classname="com.xamplify.automation.ScheduleRedistributionSurveyCampaign" name="re_surveyschedule" time="167.217"/>
  <testcase classname="com.xamplify.automation.SaveRedistributionSurveyCampaign" name="re_surveysave" time="141.026"/>
  <testcase classname="com.xamplify.automation.LaunchRedistributionSurveyCampaign" name="re_surveylaunch" time="135.533"/>
  <testcase classname="com.xamplify.automation.PartnerManageSurveyCampaign" name="manage_redsurveycamp" time="383.317"/>
  <testcase classname="com.xamplify.automation.LaunchRedistributionEventCampaign" name="redistribute_eventlaunch" time="136.649"/>
  <testcase classname="com.xamplify.automation.PartnerManageEventCampaign" name="manage_redeventcamp" time="34.127">
    <failure type="org.openqa.selenium.NoSuchElementException" message="no such element: Unable to locate element: {&amp;quot;method&amp;quot;:&amp;quot;xpath&amp;quot;,&amp;quot;selector&amp;quot;:&amp;quot;//textarea[@placeholder=&amp;apos;Description&amp;apos;]&amp;quot;}
  (Session info: chrome=135.0.7049.96)
For documentation on this error, please visit: http://seleniumhq.org/exceptions/no_such_element.html
Build info: version: &amp;apos;3.11.0&amp;apos;, revision: &amp;apos;e59cfb3&amp;apos;, time: &amp;apos;2018-03-11T20:26:55.152Z&amp;apos;
System info: host: &amp;apos;AGAYATRI1-SA&amp;apos;, ip: &amp;apos;172.16.17.77&amp;apos;, os.name: &amp;apos;Windows 11&amp;apos;, os.arch: &amp;apos;amd64&amp;apos;, os.version: &amp;apos;10.0&amp;apos;, java.version: &amp;apos;23.0.1&amp;apos;
Driver info: org.openqa.selenium.chrome.ChromeDriver
Capabilities {acceptInsecureCerts: false, browserName: chrome, browserVersion: 135.0.7049.96, chrome: {chromedriverVersion: 135.0.7049.97 (b41307079c9b..., userDataDir: C:\Users\agayatri\AppData\L...}, fedcm:accounts: true, goog:chromeOptions: {debuggerAddress: localhost:60082}, javascriptEnabled: true, networkConnectionEnabled: false, pageLoadStrategy: normal, platform: WINDOWS, platformName: WINDOWS, proxy: Proxy(), setWindowRect: true, strictFileInteractability: false, timeouts: {implicit: 0, pageLoad: 300000, script: 30000}, unhandledPromptBehavior: dismiss and notify, webauthn:extension:credBlob: true, webauthn:extension:largeBlob: true, webauthn:extension:minPinLength: true, webauthn:extension:prf: true, webauthn:virtualAuthenticators: true}
Session ID: 588638ef54bc97411222228e37ab9921
*** Element info: {Using=xpath, value=//textarea[@placeholder=&amp;apos;Description&amp;apos;]}">
      <![CDATA[org.openqa.selenium.NoSuchElementException: no such element: Unable to locate element: {"method":"xpath","selector":"//textarea[@placeholder='Description']"}
  (Session info: chrome=135.0.7049.96)
For documentation on this error, please visit: http://seleniumhq.org/exceptions/no_such_element.html
Build info: version: '3.11.0', revision: 'e59cfb3', time: '2018-03-11T20:26:55.152Z'
System info: host: 'AGAYATRI1-SA', ip: '172.16.17.77', os.name: 'Windows 11', os.arch: 'amd64', os.version: '10.0', java.version: '23.0.1'
Driver info: org.openqa.selenium.chrome.ChromeDriver
Capabilities {acceptInsecureCerts: false, browserName: chrome, browserVersion: 135.0.7049.96, chrome: {chromedriverVersion: 135.0.7049.97 (b41307079c9b..., userDataDir: C:\Users\agayatri\AppData\L...}, fedcm:accounts: true, goog:chromeOptions: {debuggerAddress: localhost:60082}, javascriptEnabled: true, networkConnectionEnabled: false, pageLoadStrategy: normal, platform: WINDOWS, platformName: WINDOWS, proxy: Proxy(), setWindowRect: true, strictFileInteractability: false, timeouts: {implicit: 0, pageLoad: 300000, script: 30000}, unhandledPromptBehavior: dismiss and notify, webauthn:extension:credBlob: true, webauthn:extension:largeBlob: true, webauthn:extension:minPinLength: true, webauthn:extension:prf: true, webauthn:virtualAuthenticators: true}
Session ID: 588638ef54bc97411222228e37ab9921
*** Element info: {Using=xpath, value=//textarea[@placeholder='Description']}
at org.openqa.selenium.remote.http.W3CHttpResponseCodec.createException(W3CHttpResponseCodec.java:187)
at org.openqa.selenium.remote.http.W3CHttpResponseCodec.decode(W3CHttpResponseCodec.java:122)
at org.openqa.selenium.remote.http.W3CHttpResponseCodec.decode(W3CHttpResponseCodec.java:49)
at org.openqa.selenium.remote.HttpCommandExecutor.execute(HttpCommandExecutor.java:158)
at org.openqa.selenium.remote.service.DriverCommandExecutor.execute(DriverCommandExecutor.java:83)
at org.openqa.selenium.remote.RemoteWebDriver.execute(RemoteWebDriver.java:545)
at org.openqa.selenium.remote.RemoteWebDriver.findElement(RemoteWebDriver.java:319)
at org.openqa.selenium.remote.RemoteWebDriver.findElementByXPath(RemoteWebDriver.java:421)
at org.openqa.selenium.By$ByXPath.findElement(By.java:361)
at org.openqa.selenium.remote.RemoteWebDriver.findElement(RemoteWebDriver.java:311)
at com.xamplify.automation.PartnerManageEventCampaign.manage_redeventcamp(PartnerManageEventCampaign.java:64)
at java.base/java.util.ArrayList.forEach(ArrayList.java:1597)
... Removed 28 stack frames]]>
    </failure>
  </testcase> <!-- manage_redeventcamp -->
  <testcase classname="com.xamplify.automation.PartnerManageEventCampaign" name="pac_manage_sendpreviewemail" time="10.029">
    <failure type="org.openqa.selenium.NoSuchElementException" message="no such element: Unable to locate element: {&amp;quot;method&amp;quot;:&amp;quot;xpath&amp;quot;,&amp;quot;selector&amp;quot;:&amp;quot;//tbody/tr[1]/td[4]/div[1]/div[1]/span[1]&amp;quot;}
  (Session info: chrome=135.0.7049.96)
For documentation on this error, please visit: http://seleniumhq.org/exceptions/no_such_element.html
Build info: version: &amp;apos;3.11.0&amp;apos;, revision: &amp;apos;e59cfb3&amp;apos;, time: &amp;apos;2018-03-11T20:26:55.152Z&amp;apos;
System info: host: &amp;apos;AGAYATRI1-SA&amp;apos;, ip: &amp;apos;172.16.17.77&amp;apos;, os.name: &amp;apos;Windows 11&amp;apos;, os.arch: &amp;apos;amd64&amp;apos;, os.version: &amp;apos;10.0&amp;apos;, java.version: &amp;apos;23.0.1&amp;apos;
Driver info: org.openqa.selenium.chrome.ChromeDriver
Capabilities {acceptInsecureCerts: false, browserName: chrome, browserVersion: 135.0.7049.96, chrome: {chromedriverVersion: 135.0.7049.97 (b41307079c9b..., userDataDir: C:\Users\agayatri\AppData\L...}, fedcm:accounts: true, goog:chromeOptions: {debuggerAddress: localhost:60082}, javascriptEnabled: true, networkConnectionEnabled: false, pageLoadStrategy: normal, platform: WINDOWS, platformName: WINDOWS, proxy: Proxy(), setWindowRect: true, strictFileInteractability: false, timeouts: {implicit: 0, pageLoad: 300000, script: 30000}, unhandledPromptBehavior: dismiss and notify, webauthn:extension:credBlob: true, webauthn:extension:largeBlob: true, webauthn:extension:minPinLength: true, webauthn:extension:prf: true, webauthn:virtualAuthenticators: true}
Session ID: 588638ef54bc97411222228e37ab9921
*** Element info: {Using=xpath, value=//tbody/tr[1]/td[4]/div[1]/div[1]/span[1]}">
      <![CDATA[org.openqa.selenium.NoSuchElementException: no such element: Unable to locate element: {"method":"xpath","selector":"//tbody/tr[1]/td[4]/div[1]/div[1]/span[1]"}
  (Session info: chrome=135.0.7049.96)
For documentation on this error, please visit: http://seleniumhq.org/exceptions/no_such_element.html
Build info: version: '3.11.0', revision: 'e59cfb3', time: '2018-03-11T20:26:55.152Z'
System info: host: 'AGAYATRI1-SA', ip: '172.16.17.77', os.name: 'Windows 11', os.arch: 'amd64', os.version: '10.0', java.version: '23.0.1'
Driver info: org.openqa.selenium.chrome.ChromeDriver
Capabilities {acceptInsecureCerts: false, browserName: chrome, browserVersion: 135.0.7049.96, chrome: {chromedriverVersion: 135.0.7049.97 (b41307079c9b..., userDataDir: C:\Users\agayatri\AppData\L...}, fedcm:accounts: true, goog:chromeOptions: {debuggerAddress: localhost:60082}, javascriptEnabled: true, networkConnectionEnabled: false, pageLoadStrategy: normal, platform: WINDOWS, platformName: WINDOWS, proxy: Proxy(), setWindowRect: true, strictFileInteractability: false, timeouts: {implicit: 0, pageLoad: 300000, script: 30000}, unhandledPromptBehavior: dismiss and notify, webauthn:extension:credBlob: true, webauthn:extension:largeBlob: true, webauthn:extension:minPinLength: true, webauthn:extension:prf: true, webauthn:virtualAuthenticators: true}
Session ID: 588638ef54bc97411222228e37ab9921
*** Element info: {Using=xpath, value=//tbody/tr[1]/td[4]/div[1]/div[1]/span[1]}
at org.openqa.selenium.remote.http.W3CHttpResponseCodec.createException(W3CHttpResponseCodec.java:187)
at org.openqa.selenium.remote.http.W3CHttpResponseCodec.decode(W3CHttpResponseCodec.java:122)
at org.openqa.selenium.remote.http.W3CHttpResponseCodec.decode(W3CHttpResponseCodec.java:49)
at org.openqa.selenium.remote.HttpCommandExecutor.execute(HttpCommandExecutor.java:158)
at org.openqa.selenium.remote.service.DriverCommandExecutor.execute(DriverCommandExecutor.java:83)
at org.openqa.selenium.remote.RemoteWebDriver.execute(RemoteWebDriver.java:545)
at org.openqa.selenium.remote.RemoteWebDriver.findElement(RemoteWebDriver.java:319)
at org.openqa.selenium.remote.RemoteWebDriver.findElementByXPath(RemoteWebDriver.java:421)
at org.openqa.selenium.By$ByXPath.findElement(By.java:361)
at org.openqa.selenium.remote.RemoteWebDriver.findElement(RemoteWebDriver.java:311)
at com.xamplify.automation.PartnerManageEventCampaign.pac_manage_sendpreviewemail(PartnerManageEventCampaign.java:87)
at java.base/java.util.ArrayList.forEach(ArrayList.java:1597)
... Removed 28 stack frames]]>
    </failure>
  </testcase> <!-- pac_manage_sendpreviewemail -->
  <testcase classname="com.xamplify.automation.PartnerManageEventCampaign" name="pac_manage_Inivitemore" time="10.055">
    <failure type="org.openqa.selenium.NoSuchElementException" message="no such element: Unable to locate element: {&amp;quot;method&amp;quot;:&amp;quot;xpath&amp;quot;,&amp;quot;selector&amp;quot;:&amp;quot;//tbody/tr[1]/td[4]/div[1]/div[1]/span[1]&amp;quot;}
  (Session info: chrome=135.0.7049.96)
For documentation on this error, please visit: http://seleniumhq.org/exceptions/no_such_element.html
Build info: version: &amp;apos;3.11.0&amp;apos;, revision: &amp;apos;e59cfb3&amp;apos;, time: &amp;apos;2018-03-11T20:26:55.152Z&amp;apos;
System info: host: &amp;apos;AGAYATRI1-SA&amp;apos;, ip: &amp;apos;172.16.17.77&amp;apos;, os.name: &amp;apos;Windows 11&amp;apos;, os.arch: &amp;apos;amd64&amp;apos;, os.version: &amp;apos;10.0&amp;apos;, java.version: &amp;apos;23.0.1&amp;apos;
Driver info: org.openqa.selenium.chrome.ChromeDriver
Capabilities {acceptInsecureCerts: false, browserName: chrome, browserVersion: 135.0.7049.96, chrome: {chromedriverVersion: 135.0.7049.97 (b41307079c9b..., userDataDir: C:\Users\agayatri\AppData\L...}, fedcm:accounts: true, goog:chromeOptions: {debuggerAddress: localhost:60082}, javascriptEnabled: true, networkConnectionEnabled: false, pageLoadStrategy: normal, platform: WINDOWS, platformName: WINDOWS, proxy: Proxy(), setWindowRect: true, strictFileInteractability: false, timeouts: {implicit: 0, pageLoad: 300000, script: 30000}, unhandledPromptBehavior: dismiss and notify, webauthn:extension:credBlob: true, webauthn:extension:largeBlob: true, webauthn:extension:minPinLength: true, webauthn:extension:prf: true, webauthn:virtualAuthenticators: true}
Session ID: 588638ef54bc97411222228e37ab9921
*** Element info: {Using=xpath, value=//tbody/tr[1]/td[4]/div[1]/div[1]/span[1]}">
      <![CDATA[org.openqa.selenium.NoSuchElementException: no such element: Unable to locate element: {"method":"xpath","selector":"//tbody/tr[1]/td[4]/div[1]/div[1]/span[1]"}
  (Session info: chrome=135.0.7049.96)
For documentation on this error, please visit: http://seleniumhq.org/exceptions/no_such_element.html
Build info: version: '3.11.0', revision: 'e59cfb3', time: '2018-03-11T20:26:55.152Z'
System info: host: 'AGAYATRI1-SA', ip: '172.16.17.77', os.name: 'Windows 11', os.arch: 'amd64', os.version: '10.0', java.version: '23.0.1'
Driver info: org.openqa.selenium.chrome.ChromeDriver
Capabilities {acceptInsecureCerts: false, browserName: chrome, browserVersion: 135.0.7049.96, chrome: {chromedriverVersion: 135.0.7049.97 (b41307079c9b..., userDataDir: C:\Users\agayatri\AppData\L...}, fedcm:accounts: true, goog:chromeOptions: {debuggerAddress: localhost:60082}, javascriptEnabled: true, networkConnectionEnabled: false, pageLoadStrategy: normal, platform: WINDOWS, platformName: WINDOWS, proxy: Proxy(), setWindowRect: true, strictFileInteractability: false, timeouts: {implicit: 0, pageLoad: 300000, script: 30000}, unhandledPromptBehavior: dismiss and notify, webauthn:extension:credBlob: true, webauthn:extension:largeBlob: true, webauthn:extension:minPinLength: true, webauthn:extension:prf: true, webauthn:virtualAuthenticators: true}
Session ID: 588638ef54bc97411222228e37ab9921
*** Element info: {Using=xpath, value=//tbody/tr[1]/td[4]/div[1]/div[1]/span[1]}
at org.openqa.selenium.remote.http.W3CHttpResponseCodec.createException(W3CHttpResponseCodec.java:187)
at org.openqa.selenium.remote.http.W3CHttpResponseCodec.decode(W3CHttpResponseCodec.java:122)
at org.openqa.selenium.remote.http.W3CHttpResponseCodec.decode(W3CHttpResponseCodec.java:49)
at org.openqa.selenium.remote.HttpCommandExecutor.execute(HttpCommandExecutor.java:158)
at org.openqa.selenium.remote.service.DriverCommandExecutor.execute(DriverCommandExecutor.java:83)
at org.openqa.selenium.remote.RemoteWebDriver.execute(RemoteWebDriver.java:545)
at org.openqa.selenium.remote.RemoteWebDriver.findElement(RemoteWebDriver.java:319)
at org.openqa.selenium.remote.RemoteWebDriver.findElementByXPath(RemoteWebDriver.java:421)
at org.openqa.selenium.By$ByXPath.findElement(By.java:361)
at org.openqa.selenium.remote.RemoteWebDriver.findElement(RemoteWebDriver.java:311)
at com.xamplify.automation.PartnerManageEventCampaign.pac_manage_Inivitemore(PartnerManageEventCampaign.java:119)
at java.base/java.util.ArrayList.forEach(ArrayList.java:1597)
... Removed 28 stack frames]]>
    </failure>
  </testcase> <!-- pac_manage_Inivitemore -->
  <testcase classname="com.xamplify.automation.PartnerManageEventCampaign" name="pac_manage_preview_analytics" time="42.788">
    <failure type="org.openqa.selenium.NoSuchElementException" message="no such element: Unable to locate element: {&amp;quot;method&amp;quot;:&amp;quot;xpath&amp;quot;,&amp;quot;selector&amp;quot;:&amp;quot;//tr[1]/td[4]//ul/li[3]&amp;quot;}
  (Session info: chrome=135.0.7049.96)
For documentation on this error, please visit: http://seleniumhq.org/exceptions/no_such_element.html
Build info: version: &amp;apos;3.11.0&amp;apos;, revision: &amp;apos;e59cfb3&amp;apos;, time: &amp;apos;2018-03-11T20:26:55.152Z&amp;apos;
System info: host: &amp;apos;AGAYATRI1-SA&amp;apos;, ip: &amp;apos;172.16.17.77&amp;apos;, os.name: &amp;apos;Windows 11&amp;apos;, os.arch: &amp;apos;amd64&amp;apos;, os.version: &amp;apos;10.0&amp;apos;, java.version: &amp;apos;23.0.1&amp;apos;
Driver info: org.openqa.selenium.chrome.ChromeDriver
Capabilities {acceptInsecureCerts: false, browserName: chrome, browserVersion: 135.0.7049.96, chrome: {chromedriverVersion: 135.0.7049.97 (b41307079c9b..., userDataDir: C:\Users\agayatri\AppData\L...}, fedcm:accounts: true, goog:chromeOptions: {debuggerAddress: localhost:60082}, javascriptEnabled: true, networkConnectionEnabled: false, pageLoadStrategy: normal, platform: WINDOWS, platformName: WINDOWS, proxy: Proxy(), setWindowRect: true, strictFileInteractability: false, timeouts: {implicit: 0, pageLoad: 300000, script: 30000}, unhandledPromptBehavior: dismiss and notify, webauthn:extension:credBlob: true, webauthn:extension:largeBlob: true, webauthn:extension:minPinLength: true, webauthn:extension:prf: true, webauthn:virtualAuthenticators: true}
Session ID: 588638ef54bc97411222228e37ab9921
*** Element info: {Using=xpath, value=//tr[1]/td[4]//ul/li[3]}">
      <![CDATA[org.openqa.selenium.NoSuchElementException: no such element: Unable to locate element: {"method":"xpath","selector":"//tr[1]/td[4]//ul/li[3]"}
  (Session info: chrome=135.0.7049.96)
For documentation on this error, please visit: http://seleniumhq.org/exceptions/no_such_element.html
Build info: version: '3.11.0', revision: 'e59cfb3', time: '2018-03-11T20:26:55.152Z'
System info: host: 'AGAYATRI1-SA', ip: '172.16.17.77', os.name: 'Windows 11', os.arch: 'amd64', os.version: '10.0', java.version: '23.0.1'
Driver info: org.openqa.selenium.chrome.ChromeDriver
Capabilities {acceptInsecureCerts: false, browserName: chrome, browserVersion: 135.0.7049.96, chrome: {chromedriverVersion: 135.0.7049.97 (b41307079c9b..., userDataDir: C:\Users\agayatri\AppData\L...}, fedcm:accounts: true, goog:chromeOptions: {debuggerAddress: localhost:60082}, javascriptEnabled: true, networkConnectionEnabled: false, pageLoadStrategy: normal, platform: WINDOWS, platformName: WINDOWS, proxy: Proxy(), setWindowRect: true, strictFileInteractability: false, timeouts: {implicit: 0, pageLoad: 300000, script: 30000}, unhandledPromptBehavior: dismiss and notify, webauthn:extension:credBlob: true, webauthn:extension:largeBlob: true, webauthn:extension:minPinLength: true, webauthn:extension:prf: true, webauthn:virtualAuthenticators: true}
Session ID: 588638ef54bc97411222228e37ab9921
*** Element info: {Using=xpath, value=//tr[1]/td[4]//ul/li[3]}
at org.openqa.selenium.remote.http.W3CHttpResponseCodec.createException(W3CHttpResponseCodec.java:187)
at org.openqa.selenium.remote.http.W3CHttpResponseCodec.decode(W3CHttpResponseCodec.java:122)
at org.openqa.selenium.remote.http.W3CHttpResponseCodec.decode(W3CHttpResponseCodec.java:49)
at org.openqa.selenium.remote.HttpCommandExecutor.execute(HttpCommandExecutor.java:158)
at org.openqa.selenium.remote.service.DriverCommandExecutor.execute(DriverCommandExecutor.java:83)
at org.openqa.selenium.remote.RemoteWebDriver.execute(RemoteWebDriver.java:545)
at org.openqa.selenium.remote.RemoteWebDriver.findElement(RemoteWebDriver.java:319)
at org.openqa.selenium.remote.RemoteWebDriver.findElementByXPath(RemoteWebDriver.java:421)
at org.openqa.selenium.By$ByXPath.findElement(By.java:361)
at org.openqa.selenium.remote.RemoteWebDriver.findElement(RemoteWebDriver.java:311)
at com.xamplify.automation.PartnerManageEventCampaign.pac_manage_preview_analytics(PartnerManageEventCampaign.java:164)
at java.base/java.util.ArrayList.forEach(ArrayList.java:1597)
... Removed 28 stack frames]]>
    </failure>
  </testcase> <!-- pac_manage_preview_analytics -->
  <testcase classname="com.xamplify.automation.ScheduleEventRedistributionCampaign" name="re_eventschedule" time="162.052"/>
  <testcase classname="com.xamplify.automation.SaveRedistributionEventCampaign" name="redistribute_evesave" time="151.83"/>
  <testcase classname="com.xamplify.automation.ManageContacts" name="managecontactsJourneyMeeting" time="0.0">
    <ignored/>
  </testcase> <!-- managecontactsJourneyMeeting -->
</testsuite> <!-- Test -->
